[debug] [2021-11-15T13:27:32.831Z] ----------------------------------------------------------------------
[debug] [2021-11-15T13:27:32.841Z] Command:       C:\Program Files\nodejs\node.exe C:\Users\Apurv Patole\AppData\Roaming\npm\node_modules\firebase-tools\lib\bin\firebase.js init
[debug] [2021-11-15T13:27:32.842Z] CLI Version:   9.22.0
[debug] [2021-11-15T13:27:32.842Z] Platform:      win32
[debug] [2021-11-15T13:27:32.843Z] Node Version:  v14.18.1
[debug] [2021-11-15T13:27:32.847Z] Time:          Mon Nov 15 2021 18:57:32 GMT+0530 (India Standard Time)
[debug] [2021-11-15T13:27:32.848Z] ----------------------------------------------------------------------
[debug] 
[debug] [2021-11-15T13:27:32.855Z] >>> [apiv2][query] GET https://firebase-public.firebaseio.com/cli.json [none]
[debug] [2021-11-15T13:27:32.966Z] > command requires scopes: ["email","openid","https://www.googleapis.com/auth/cloudplatformprojects.readonly","https://www.googleapis.com/auth/firebase","https://www.googleapis.com/auth/cloud-platform"]
[debug] [2021-11-15T13:27:32.967Z] > authorizing via signed-in user (apurvpatole2@gmail.com)
[info] 
     ######## #### ########  ######## ########     ###     ######  ########
     ##        ##  ##     ## ##       ##     ##  ##   ##  ##       ##
     ######    ##  ########  ######   ########  #########  ######  ######
     ##        ##  ##    ##  ##       ##     ## ##     ##       ## ##
     ##       #### ##     ## ######## ########  ##     ##  ######  ########

You're about to initialize a Firebase project in this directory:

  C:\College\admin

Before we get started, keep in mind:

  * You are currently outside your home directory

